# Logfile created on 2019-07-01 02:17:22 +0000 by logger.rb/66358
W, [2019-07-01T02:17:22.766614 #55]  WARN -- : ActiveSupport::Notifications not available, instrumentation is disabled
I, [2019-07-01T02:17:22.767671 #55]  INFO -- : New topics added to target list: world
I, [2019-07-01T02:17:22.767841 #55]  INFO -- : Fetching cluster metadata from kafka://kafka1:19092
D, [2019-07-01T02:17:22.767981 #55] DEBUG -- : [topic_metadata] Opening connection to kafka1:19092 with client id kafka_playground...
D, [2019-07-01T02:17:22.769958 #55] DEBUG -- : [topic_metadata] Sending topic_metadata API request 1 to kafka1:19092
D, [2019-07-01T02:17:22.770373 #55] DEBUG -- : [topic_metadata] Waiting for response 1 from kafka1:19092
D, [2019-07-01T02:17:22.774519 #55] DEBUG -- : [topic_metadata] Received response 1 from kafka1:19092
I, [2019-07-01T02:17:22.774670 #55]  INFO -- : Discovered cluster metadata; nodes: kafka2:19093 (node_id=2), kafka1:19092 (node_id=1)
D, [2019-07-01T02:17:22.774728 #55] DEBUG -- : Closing socket to kafka1:19092
I, [2019-07-01T02:17:22.775321 #55]  INFO -- : [[consumer] {}:] Joining group `consumer`
D, [2019-07-01T02:17:22.775401 #55] DEBUG -- : [[consumer] {}:] Getting group coordinator for `consumer`
D, [2019-07-01T02:17:22.775521 #55] DEBUG -- : [[consumer] {}:] [find_coordinator] Opening connection to kafka2:19093 with client id kafka_playground...
D, [2019-07-01T02:17:22.776748 #55] DEBUG -- : [[consumer] {}:] [find_coordinator] Sending find_coordinator API request 1 to kafka2:19093
D, [2019-07-01T02:17:22.778561 #55] DEBUG -- : [[consumer] {}:] Handling fetcher command: subscribe
I, [2019-07-01T02:17:22.778680 #55]  INFO -- : [[consumer] {}:] Will fetch at most 1048576 bytes at a time per partition from world
D, [2019-07-01T02:17:22.778755 #55] DEBUG -- : [[consumer] {}:] Handling fetcher command: configure
D, [2019-07-01T02:17:22.778817 #55] DEBUG -- : [[consumer] {}:] Fetching batches
I, [2019-07-01T02:17:22.778929 #55]  INFO -- : [[consumer] {}:] Fetching cluster metadata from kafka://kafka1:19092
D, [2019-07-01T02:17:22.779036 #55] DEBUG -- : [[consumer] {}:] [topic_metadata] Opening connection to kafka1:19092 with client id kafka_playground...
D, [2019-07-01T02:17:22.777910 #55] DEBUG -- : [[consumer] {}:] [find_coordinator] Waiting for response 1 from kafka2:19093
D, [2019-07-01T02:17:22.782743 #55] DEBUG -- : [[consumer] {}:] [find_coordinator] Received response 1 from kafka2:19093
D, [2019-07-01T02:17:22.782802 #55] DEBUG -- : [[consumer] {}:] Coordinator for `consumer` is 2. Connecting...
D, [2019-07-01T02:17:22.782838 #55] DEBUG -- : [[consumer] {}:] Connected to coordinator: kafka2:19093 (node_id=2) for `consumer`
D, [2019-07-01T02:17:22.782905 #55] DEBUG -- : [[consumer] {}:] [join_group] Sending join_group API request 2 to kafka2:19093
D, [2019-07-01T02:17:22.783051 #55] DEBUG -- : [[consumer] {}:] [join_group] Waiting for response 2 from kafka2:19093
D, [2019-07-01T02:17:22.791463 #55] DEBUG -- : [[consumer] {}:] [topic_metadata] Sending topic_metadata API request 1 to kafka1:19092
D, [2019-07-01T02:17:22.791651 #55] DEBUG -- : [[consumer] {}:] [topic_metadata] Waiting for response 1 from kafka1:19092
D, [2019-07-01T02:17:22.794625 #55] DEBUG -- : [[consumer] {}:] [join_group] Received response 2 from kafka2:19093
I, [2019-07-01T02:17:22.794738 #55]  INFO -- : [[consumer] {}:] Joined group `consumer` with member id `kafka_playground-c898edbd-12e2-41f1-bbe3-127887d75d29`
I, [2019-07-01T02:17:22.794765 #55]  INFO -- : [[consumer] {}:] Chosen as leader of group `consumer`
D, [2019-07-01T02:17:22.794902 #55] DEBUG -- : [[consumer] {}:] [sync_group] Sending sync_group API request 3 to kafka2:19093
D, [2019-07-01T02:17:22.795161 #55] DEBUG -- : [[consumer] {}:] [sync_group] Waiting for response 3 from kafka2:19093
D, [2019-07-01T02:17:22.795307 #55] DEBUG -- : [[consumer] {}:] [topic_metadata] Received response 1 from kafka1:19092
I, [2019-07-01T02:17:22.795357 #55]  INFO -- : [[consumer] {}:] Discovered cluster metadata; nodes: kafka2:19093 (node_id=2), kafka1:19092 (node_id=1)
D, [2019-07-01T02:17:22.795381 #55] DEBUG -- : [[consumer] {}:] Closing socket to kafka1:19092
I, [2019-07-01T02:17:22.795514 #55]  INFO -- : [[consumer] {}:] There are no partitions to fetch from, sleeping for 1.0s
D, [2019-07-01T02:17:22.801601 #55] DEBUG -- : [[consumer] {}:] [sync_group] Received response 3 from kafka2:19093
I, [2019-07-01T02:17:22.801711 #55]  INFO -- : [[consumer] {}:] Partitions assigned for `world`: 0
D, [2019-07-01T02:17:22.801803 #55] DEBUG -- : [[consumer] {}:] [offset_fetch] Sending offset_fetch API request 4 to kafka2:19093
D, [2019-07-01T02:17:22.801970 #55] DEBUG -- : [[consumer] {}:] [offset_fetch] Waiting for response 4 from kafka2:19093
D, [2019-07-01T02:17:22.803192 #55] DEBUG -- : [[consumer] {}:] [offset_fetch] Received response 4 from kafka2:19093
D, [2019-07-01T02:17:22.803364 #55] DEBUG -- : [[consumer] {}:] No batches to process
D, [2019-07-01T02:17:23.795778 #55] DEBUG -- : [[consumer] {world: 0}:] Handling fetcher command: reset
D, [2019-07-01T02:17:23.795899 #55] DEBUG -- : [[consumer] {world: 0}:] Handling fetcher command: seek
I, [2019-07-01T02:17:23.795934 #55]  INFO -- : [[consumer] {world: 0}:] Seeking world/0 to offset 3
D, [2019-07-01T02:17:23.795976 #55] DEBUG -- : [[consumer] {world: 0}:] Fetching batches
I, [2019-07-01T02:17:23.796081 #55]  INFO -- : [[consumer] {world: 0}:] New topics added to target list: world
I, [2019-07-01T02:17:23.796139 #55]  INFO -- : [[consumer] {world: 0}:] Fetching cluster metadata from kafka://kafka1:19092
D, [2019-07-01T02:17:23.796215 #55] DEBUG -- : [[consumer] {world: 0}:] [topic_metadata] Opening connection to kafka1:19092 with client id kafka_playground...
D, [2019-07-01T02:17:23.797237 #55] DEBUG -- : [[consumer] {world: 0}:] [topic_metadata] Sending topic_metadata API request 1 to kafka1:19092
D, [2019-07-01T02:17:23.797401 #55] DEBUG -- : [[consumer] {world: 0}:] [topic_metadata] Waiting for response 1 from kafka1:19092
D, [2019-07-01T02:17:23.800215 #55] DEBUG -- : [[consumer] {world: 0}:] [topic_metadata] Received response 1 from kafka1:19092
I, [2019-07-01T02:17:23.800376 #55]  INFO -- : [[consumer] {world: 0}:] Discovered cluster metadata; nodes: kafka2:19093 (node_id=2), kafka1:19092 (node_id=1)
D, [2019-07-01T02:17:23.800417 #55] DEBUG -- : [[consumer] {world: 0}:] Closing socket to kafka1:19092
D, [2019-07-01T02:17:23.800675 #55] DEBUG -- : [[consumer] {world: 0}:] [fetch] Opening connection to kafka1:19092 with client id kafka_playground...
D, [2019-07-01T02:17:23.801817 #55] DEBUG -- : [[consumer] {world: 0}:] [fetch] Sending fetch API request 1 to kafka1:19092
D, [2019-07-01T02:17:23.802179 #55] DEBUG -- : [[consumer] {world: 0}:] [fetch] Waiting for response 1 from kafka1:19092
D, [2019-07-01T02:17:24.805301 #55] DEBUG -- : [[consumer] {}:] Committing offsets with recommit: world/0:3
D, [2019-07-01T02:17:24.805494 #55] DEBUG -- : [[consumer] {}:] [offset_commit] Sending offset_commit API request 5 to kafka2:19093
D, [2019-07-01T02:17:24.805776 #55] DEBUG -- : [[consumer] {}:] [offset_commit] Waiting for response 5 from kafka2:19093
D, [2019-07-01T02:17:24.809633 #55] DEBUG -- : [[consumer] {world: 0}:] [fetch] Received response 1 from kafka1:19092
D, [2019-07-01T02:17:24.809842 #55] DEBUG -- : [[consumer] {world: 0}:] Fetching batches
D, [2019-07-01T02:17:24.810003 #55] DEBUG -- : [[consumer] {world: 0}:] [fetch] Sending fetch API request 2 to kafka1:19092
D, [2019-07-01T02:17:24.810654 #55] DEBUG -- : [[consumer] {world: 0}:] [fetch] Waiting for response 2 from kafka1:19092
D, [2019-07-01T02:17:24.812026 #55] DEBUG -- : [[consumer] {}:] [offset_commit] Received response 5 from kafka2:19093
D, [2019-07-01T02:17:24.812326 #55] DEBUG -- : [[consumer] {}:] No batches to process
D, [2019-07-01T02:17:25.813562 #55] DEBUG -- : [[consumer] {world: 0}:] [fetch] Received response 2 from kafka1:19092
D, [2019-07-01T02:17:25.813754 #55] DEBUG -- : [[consumer] {world: 0}:] Fetching batches
D, [2019-07-01T02:17:25.813921 #55] DEBUG -- : [[consumer] {world: 0}:] [fetch] Sending fetch API request 3 to kafka1:19092
D, [2019-07-01T02:17:25.814266 #55] DEBUG -- : [[consumer] {world: 0}:] [fetch] Waiting for response 3 from kafka1:19092
D, [2019-07-01T02:17:26.814677 #55] DEBUG -- : [[consumer] {}:] No batches to process
D, [2019-07-01T02:17:26.815586 #55] DEBUG -- : [[consumer] {world: 0}:] [fetch] Received response 3 from kafka1:19092
D, [2019-07-01T02:17:26.815786 #55] DEBUG -- : [[consumer] {world: 0}:] Fetching batches
D, [2019-07-01T02:17:26.815959 #55] DEBUG -- : [[consumer] {world: 0}:] [fetch] Sending fetch API request 4 to kafka1:19092
D, [2019-07-01T02:17:26.816367 #55] DEBUG -- : [[consumer] {world: 0}:] [fetch] Waiting for response 4 from kafka1:19092
D, [2019-07-01T02:17:27.817184 #55] DEBUG -- : [[consumer] {world: 0}:] [fetch] Received response 4 from kafka1:19092
D, [2019-07-01T02:17:27.817382 #55] DEBUG -- : [[consumer] {world: 0}:] Fetching batches
D, [2019-07-01T02:17:27.817502 #55] DEBUG -- : [[consumer] {world: 0}:] [fetch] Sending fetch API request 5 to kafka1:19092
D, [2019-07-01T02:17:27.817651 #55] DEBUG -- : [[consumer] {world: 0}:] [fetch] Waiting for response 5 from kafka1:19092
D, [2019-07-01T02:17:28.817138 #55] DEBUG -- : [[consumer] {}:] No batches to process
D, [2019-07-01T02:17:28.818725 #55] DEBUG -- : [[consumer] {world: 0}:] [fetch] Received response 5 from kafka1:19092
D, [2019-07-01T02:17:28.818937 #55] DEBUG -- : [[consumer] {world: 0}:] Fetching batches
D, [2019-07-01T02:17:28.819113 #55] DEBUG -- : [[consumer] {world: 0}:] [fetch] Sending fetch API request 6 to kafka1:19092
D, [2019-07-01T02:17:28.819460 #55] DEBUG -- : [[consumer] {world: 0}:] [fetch] Waiting for response 6 from kafka1:19092
D, [2019-07-01T02:17:29.821395 #55] DEBUG -- : [[consumer] {world: 0}:] [fetch] Received response 6 from kafka1:19092
D, [2019-07-01T02:17:29.821601 #55] DEBUG -- : [[consumer] {world: 0}:] Fetching batches
D, [2019-07-01T02:17:29.821763 #55] DEBUG -- : [[consumer] {world: 0}:] [fetch] Sending fetch API request 7 to kafka1:19092
D, [2019-07-01T02:17:29.822121 #55] DEBUG -- : [[consumer] {world: 0}:] [fetch] Waiting for response 7 from kafka1:19092
D, [2019-07-01T02:17:30.819689 #55] DEBUG -- : [[consumer] {}:] No batches to process
D, [2019-07-01T02:17:30.824108 #55] DEBUG -- : [[consumer] {world: 0}:] [fetch] Received response 7 from kafka1:19092
D, [2019-07-01T02:17:30.824322 #55] DEBUG -- : [[consumer] {world: 0}:] Fetching batches
D, [2019-07-01T02:17:30.824493 #55] DEBUG -- : [[consumer] {world: 0}:] [fetch] Sending fetch API request 8 to kafka1:19092
D, [2019-07-01T02:17:30.824874 #55] DEBUG -- : [[consumer] {world: 0}:] [fetch] Waiting for response 8 from kafka1:19092
D, [2019-07-01T02:17:31.825750 #55] DEBUG -- : [[consumer] {world: 0}:] [fetch] Received response 8 from kafka1:19092
D, [2019-07-01T02:17:31.826043 #55] DEBUG -- : [[consumer] {world: 0}:] Fetching batches
D, [2019-07-01T02:17:31.826265 #55] DEBUG -- : [[consumer] {world: 0}:] [fetch] Sending fetch API request 9 to kafka1:19092
D, [2019-07-01T02:17:31.826677 #55] DEBUG -- : [[consumer] {world: 0}:] [fetch] Waiting for response 9 from kafka1:19092
D, [2019-07-01T02:17:32.820308 #55] DEBUG -- : [[consumer] {}:] Sending heartbeat...
D, [2019-07-01T02:17:32.820511 #55] DEBUG -- : [[consumer] {}:] [heartbeat] Sending heartbeat API request 6 to kafka2:19093
D, [2019-07-01T02:17:32.820841 #55] DEBUG -- : [[consumer] {}:] [heartbeat] Waiting for response 6 from kafka2:19093
D, [2019-07-01T02:17:32.823213 #55] DEBUG -- : [[consumer] {}:] [heartbeat] Received response 6 from kafka2:19093
D, [2019-07-01T02:17:32.823444 #55] DEBUG -- : [[consumer] {}:] No batches to process
D, [2019-07-01T02:17:32.827342 #55] DEBUG -- : [[consumer] {world: 0}:] [fetch] Received response 9 from kafka1:19092
D, [2019-07-01T02:17:32.827560 #55] DEBUG -- : [[consumer] {world: 0}:] Fetching batches
D, [2019-07-01T02:17:32.827728 #55] DEBUG -- : [[consumer] {world: 0}:] [fetch] Sending fetch API request 10 to kafka1:19092
D, [2019-07-01T02:17:32.828040 #55] DEBUG -- : [[consumer] {world: 0}:] [fetch] Waiting for response 10 from kafka1:19092
D, [2019-07-01T02:17:33.829784 #55] DEBUG -- : [[consumer] {world: 0}:] [fetch] Received response 10 from kafka1:19092
D, [2019-07-01T02:17:33.829997 #55] DEBUG -- : [[consumer] {world: 0}:] Fetching batches
D, [2019-07-01T02:17:33.830271 #55] DEBUG -- : [[consumer] {world: 0}:] [fetch] Sending fetch API request 11 to kafka1:19092
D, [2019-07-01T02:17:33.830645 #55] DEBUG -- : [[consumer] {world: 0}:] [fetch] Waiting for response 11 from kafka1:19092
D, [2019-07-01T02:17:34.825737 #55] DEBUG -- : [[consumer] {}:] No batches to process
D, [2019-07-01T02:17:34.836974 #55] DEBUG -- : [[consumer] {world: 0}:] [fetch] Received response 11 from kafka1:19092
D, [2019-07-01T02:17:34.837929 #55] DEBUG -- : [[consumer] {world: 0}:] Fetching batches
D, [2019-07-01T02:17:34.838876 #55] DEBUG -- : [[consumer] {world: 0}:] [fetch] Sending fetch API request 12 to kafka1:19092
D, [2019-07-01T02:17:34.839987 #55] DEBUG -- : [[consumer] {world: 0}:] [fetch] Waiting for response 12 from kafka1:19092
D, [2019-07-01T02:17:35.841583 #55] DEBUG -- : [[consumer] {world: 0}:] [fetch] Received response 12 from kafka1:19092
D, [2019-07-01T02:17:35.842414 #55] DEBUG -- : [[consumer] {world: 0}:] Fetching batches
D, [2019-07-01T02:17:35.843138 #55] DEBUG -- : [[consumer] {world: 0}:] [fetch] Sending fetch API request 13 to kafka1:19092
D, [2019-07-01T02:17:35.844110 #55] DEBUG -- : [[consumer] {world: 0}:] [fetch] Waiting for response 13 from kafka1:19092
D, [2019-07-01T02:17:36.827888 #55] DEBUG -- : [[consumer] {}:] No batches to process
D, [2019-07-01T02:17:36.846863 #55] DEBUG -- : [[consumer] {world: 0}:] [fetch] Received response 13 from kafka1:19092
D, [2019-07-01T02:17:36.848138 #55] DEBUG -- : [[consumer] {world: 0}:] Fetching batches
D, [2019-07-01T02:17:36.849194 #55] DEBUG -- : [[consumer] {world: 0}:] [fetch] Sending fetch API request 14 to kafka1:19092
D, [2019-07-01T02:17:36.850475 #55] DEBUG -- : [[consumer] {world: 0}:] [fetch] Waiting for response 14 from kafka1:19092
D, [2019-07-01T02:17:37.851581 #55] DEBUG -- : [[consumer] {world: 0}:] [fetch] Received response 14 from kafka1:19092
D, [2019-07-01T02:17:37.852591 #55] DEBUG -- : [[consumer] {world: 0}:] Fetching batches
D, [2019-07-01T02:17:37.853404 #55] DEBUG -- : [[consumer] {world: 0}:] [fetch] Sending fetch API request 15 to kafka1:19092
D, [2019-07-01T02:17:37.854652 #55] DEBUG -- : [[consumer] {world: 0}:] [fetch] Waiting for response 15 from kafka1:19092
D, [2019-07-01T02:17:38.831468 #55] DEBUG -- : [[consumer] {}:] No batches to process
D, [2019-07-01T02:17:38.856620 #55] DEBUG -- : [[consumer] {world: 0}:] [fetch] Received response 15 from kafka1:19092
D, [2019-07-01T02:17:38.857846 #55] DEBUG -- : [[consumer] {world: 0}:] Fetching batches
D, [2019-07-01T02:17:38.859000 #55] DEBUG -- : [[consumer] {world: 0}:] [fetch] Sending fetch API request 16 to kafka1:19092
D, [2019-07-01T02:17:38.860311 #55] DEBUG -- : [[consumer] {world: 0}:] [fetch] Waiting for response 16 from kafka1:19092
D, [2019-07-01T02:17:39.862269 #55] DEBUG -- : [[consumer] {world: 0}:] [fetch] Received response 16 from kafka1:19092
D, [2019-07-01T02:17:39.863411 #55] DEBUG -- : [[consumer] {world: 0}:] Fetching batches
D, [2019-07-01T02:17:39.864526 #55] DEBUG -- : [[consumer] {world: 0}:] [fetch] Sending fetch API request 17 to kafka1:19092
D, [2019-07-01T02:17:39.866004 #55] DEBUG -- : [[consumer] {world: 0}:] [fetch] Waiting for response 17 from kafka1:19092
D, [2019-07-01T02:17:40.834849 #55] DEBUG -- : [[consumer] {}:] No batches to process
D, [2019-07-01T02:17:40.867836 #55] DEBUG -- : [[consumer] {world: 0}:] [fetch] Received response 17 from kafka1:19092
D, [2019-07-01T02:17:40.869158 #55] DEBUG -- : [[consumer] {world: 0}:] Fetching batches
D, [2019-07-01T02:17:40.870103 #55] DEBUG -- : [[consumer] {world: 0}:] [fetch] Sending fetch API request 18 to kafka1:19092
D, [2019-07-01T02:17:40.871866 #55] DEBUG -- : [[consumer] {world: 0}:] [fetch] Waiting for response 18 from kafka1:19092
D, [2019-07-01T02:17:41.873163 #55] DEBUG -- : [[consumer] {world: 0}:] [fetch] Received response 18 from kafka1:19092
D, [2019-07-01T02:17:41.874344 #55] DEBUG -- : [[consumer] {world: 0}:] Fetching batches
D, [2019-07-01T02:17:41.875577 #55] DEBUG -- : [[consumer] {world: 0}:] [fetch] Sending fetch API request 19 to kafka1:19092
D, [2019-07-01T02:17:41.876682 #55] DEBUG -- : [[consumer] {world: 0}:] [fetch] Waiting for response 19 from kafka1:19092
D, [2019-07-01T02:17:42.837962 #55] DEBUG -- : [[consumer] {}:] Sending heartbeat...
D, [2019-07-01T02:17:42.839020 #55] DEBUG -- : [[consumer] {}:] [heartbeat] Sending heartbeat API request 7 to kafka2:19093
D, [2019-07-01T02:17:42.840061 #55] DEBUG -- : [[consumer] {}:] [heartbeat] Waiting for response 7 from kafka2:19093
D, [2019-07-01T02:17:42.841897 #55] DEBUG -- : [[consumer] {}:] [heartbeat] Received response 7 from kafka2:19093
D, [2019-07-01T02:17:42.842989 #55] DEBUG -- : [[consumer] {}:] No batches to process
D, [2019-07-01T02:17:42.877867 #55] DEBUG -- : [[consumer] {world: 0}:] [fetch] Received response 19 from kafka1:19092
D, [2019-07-01T02:17:42.878637 #55] DEBUG -- : [[consumer] {world: 0}:] Fetching batches
D, [2019-07-01T02:17:42.879625 #55] DEBUG -- : [[consumer] {world: 0}:] [fetch] Sending fetch API request 20 to kafka1:19092
D, [2019-07-01T02:17:42.880635 #55] DEBUG -- : [[consumer] {world: 0}:] [fetch] Waiting for response 20 from kafka1:19092
D, [2019-07-01T02:17:43.883026 #55] DEBUG -- : [[consumer] {world: 0}:] [fetch] Received response 20 from kafka1:19092
D, [2019-07-01T02:17:43.884100 #55] DEBUG -- : [[consumer] {world: 0}:] Fetching batches
D, [2019-07-01T02:17:43.885066 #55] DEBUG -- : [[consumer] {world: 0}:] [fetch] Sending fetch API request 21 to kafka1:19092
D, [2019-07-01T02:17:43.886136 #55] DEBUG -- : [[consumer] {world: 0}:] [fetch] Waiting for response 21 from kafka1:19092
D, [2019-07-01T02:17:44.845912 #55] DEBUG -- : [[consumer] {}:] No batches to process
D, [2019-07-01T02:17:44.887933 #55] DEBUG -- : [[consumer] {world: 0}:] [fetch] Received response 21 from kafka1:19092
D, [2019-07-01T02:17:44.888791 #55] DEBUG -- : [[consumer] {world: 0}:] Fetching batches
D, [2019-07-01T02:17:44.889500 #55] DEBUG -- : [[consumer] {world: 0}:] [fetch] Sending fetch API request 22 to kafka1:19092
D, [2019-07-01T02:17:44.890382 #55] DEBUG -- : [[consumer] {world: 0}:] [fetch] Waiting for response 22 from kafka1:19092
D, [2019-07-01T02:17:45.891889 #55] DEBUG -- : [[consumer] {world: 0}:] [fetch] Received response 22 from kafka1:19092
D, [2019-07-01T02:17:45.893143 #55] DEBUG -- : [[consumer] {world: 0}:] Fetching batches
D, [2019-07-01T02:17:45.894210 #55] DEBUG -- : [[consumer] {world: 0}:] [fetch] Sending fetch API request 23 to kafka1:19092
D, [2019-07-01T02:17:45.895460 #55] DEBUG -- : [[consumer] {world: 0}:] [fetch] Waiting for response 23 from kafka1:19092
D, [2019-07-01T02:17:46.852925 #55] DEBUG -- : [[consumer] {}:] No batches to process
D, [2019-07-01T02:17:46.897112 #55] DEBUG -- : [[consumer] {world: 0}:] [fetch] Received response 23 from kafka1:19092
D, [2019-07-01T02:17:46.898093 #55] DEBUG -- : [[consumer] {world: 0}:] Fetching batches
D, [2019-07-01T02:17:46.899156 #55] DEBUG -- : [[consumer] {world: 0}:] [fetch] Sending fetch API request 24 to kafka1:19092
D, [2019-07-01T02:17:46.900456 #55] DEBUG -- : [[consumer] {world: 0}:] [fetch] Waiting for response 24 from kafka1:19092
D, [2019-07-01T02:17:47.902081 #55] DEBUG -- : [[consumer] {world: 0}:] [fetch] Received response 24 from kafka1:19092
D, [2019-07-01T02:17:47.903316 #55] DEBUG -- : [[consumer] {world: 0}:] Fetching batches
D, [2019-07-01T02:17:47.904611 #55] DEBUG -- : [[consumer] {world: 0}:] [fetch] Sending fetch API request 25 to kafka1:19092
D, [2019-07-01T02:17:47.906218 #55] DEBUG -- : [[consumer] {world: 0}:] [fetch] Waiting for response 25 from kafka1:19092
D, [2019-07-01T02:17:48.854783 #55] DEBUG -- : [[consumer] {}:] No batches to process
D, [2019-07-01T02:17:48.907924 #55] DEBUG -- : [[consumer] {world: 0}:] [fetch] Received response 25 from kafka1:19092
D, [2019-07-01T02:17:48.908809 #55] DEBUG -- : [[consumer] {world: 0}:] Fetching batches
D, [2019-07-01T02:17:48.909544 #55] DEBUG -- : [[consumer] {world: 0}:] [fetch] Sending fetch API request 26 to kafka1:19092
D, [2019-07-01T02:17:48.910499 #55] DEBUG -- : [[consumer] {world: 0}:] [fetch] Waiting for response 26 from kafka1:19092
D, [2019-07-01T02:17:49.911364 #55] DEBUG -- : [[consumer] {world: 0}:] [fetch] Received response 26 from kafka1:19092
D, [2019-07-01T02:17:49.912445 #55] DEBUG -- : [[consumer] {world: 0}:] Fetching batches
D, [2019-07-01T02:17:49.913337 #55] DEBUG -- : [[consumer] {world: 0}:] [fetch] Sending fetch API request 27 to kafka1:19092
D, [2019-07-01T02:17:49.914306 #55] DEBUG -- : [[consumer] {world: 0}:] [fetch] Waiting for response 27 from kafka1:19092
D, [2019-07-01T02:17:50.858527 #55] DEBUG -- : [[consumer] {}:] No batches to process
D, [2019-07-01T02:17:50.915966 #55] DEBUG -- : [[consumer] {world: 0}:] [fetch] Received response 27 from kafka1:19092
D, [2019-07-01T02:17:50.917280 #55] DEBUG -- : [[consumer] {world: 0}:] Fetching batches
D, [2019-07-01T02:17:50.918357 #55] DEBUG -- : [[consumer] {world: 0}:] [fetch] Sending fetch API request 28 to kafka1:19092
D, [2019-07-01T02:17:50.919447 #55] DEBUG -- : [[consumer] {world: 0}:] [fetch] Waiting for response 28 from kafka1:19092
D, [2019-07-01T02:17:51.921133 #55] DEBUG -- : [[consumer] {world: 0}:] [fetch] Received response 28 from kafka1:19092
D, [2019-07-01T02:17:51.922542 #55] DEBUG -- : [[consumer] {world: 0}:] Fetching batches
D, [2019-07-01T02:17:51.923754 #55] DEBUG -- : [[consumer] {world: 0}:] [fetch] Sending fetch API request 29 to kafka1:19092
D, [2019-07-01T02:17:51.925032 #55] DEBUG -- : [[consumer] {world: 0}:] [fetch] Waiting for response 29 from kafka1:19092
D, [2019-07-01T02:17:52.861860 #55] DEBUG -- : [[consumer] {}:] Sending heartbeat...
D, [2019-07-01T02:17:52.862996 #55] DEBUG -- : [[consumer] {}:] [heartbeat] Sending heartbeat API request 8 to kafka2:19093
D, [2019-07-01T02:17:52.863853 #55] DEBUG -- : [[consumer] {}:] [heartbeat] Waiting for response 8 from kafka2:19093
D, [2019-07-01T02:17:52.866176 #55] DEBUG -- : [[consumer] {}:] [heartbeat] Received response 8 from kafka2:19093
D, [2019-07-01T02:17:52.867140 #55] DEBUG -- : [[consumer] {}:] No batches to process
D, [2019-07-01T02:17:52.926858 #55] DEBUG -- : [[consumer] {world: 0}:] [fetch] Received response 29 from kafka1:19092
D, [2019-07-01T02:17:52.927888 #55] DEBUG -- : [[consumer] {world: 0}:] Fetching batches
D, [2019-07-01T02:17:52.928744 #55] DEBUG -- : [[consumer] {world: 0}:] [fetch] Sending fetch API request 30 to kafka1:19092
D, [2019-07-01T02:17:52.929721 #55] DEBUG -- : [[consumer] {world: 0}:] [fetch] Waiting for response 30 from kafka1:19092
D, [2019-07-01T02:17:53.930831 #55] DEBUG -- : [[consumer] {world: 0}:] [fetch] Received response 30 from kafka1:19092
D, [2019-07-01T02:17:53.932061 #55] DEBUG -- : [[consumer] {world: 0}:] Fetching batches
D, [2019-07-01T02:17:53.933148 #55] DEBUG -- : [[consumer] {world: 0}:] [fetch] Sending fetch API request 31 to kafka1:19092
D, [2019-07-01T02:17:53.934562 #55] DEBUG -- : [[consumer] {world: 0}:] [fetch] Waiting for response 31 from kafka1:19092
D, [2019-07-01T02:17:54.869971 #55] DEBUG -- : [[consumer] {}:] No batches to process
D, [2019-07-01T02:17:54.936588 #55] DEBUG -- : [[consumer] {world: 0}:] [fetch] Received response 31 from kafka1:19092
D, [2019-07-01T02:17:54.938078 #55] DEBUG -- : [[consumer] {world: 0}:] Fetching batches
D, [2019-07-01T02:17:54.939200 #55] DEBUG -- : [[consumer] {world: 0}:] [fetch] Sending fetch API request 32 to kafka1:19092
D, [2019-07-01T02:17:54.940704 #55] DEBUG -- : [[consumer] {world: 0}:] [fetch] Waiting for response 32 from kafka1:19092
D, [2019-07-01T02:17:55.942311 #55] DEBUG -- : [[consumer] {world: 0}:] [fetch] Received response 32 from kafka1:19092
D, [2019-07-01T02:17:55.943394 #55] DEBUG -- : [[consumer] {world: 0}:] Fetching batches
D, [2019-07-01T02:17:55.944485 #55] DEBUG -- : [[consumer] {world: 0}:] [fetch] Sending fetch API request 33 to kafka1:19092
D, [2019-07-01T02:17:55.945805 #55] DEBUG -- : [[consumer] {world: 0}:] [fetch] Waiting for response 33 from kafka1:19092
D, [2019-07-01T02:17:56.948433 #55] DEBUG -- : [[consumer] {world: 0}:] [fetch] Received response 33 from kafka1:19092
D, [2019-07-01T02:17:56.949735 #55] DEBUG -- : [[consumer] {world: 0}:] Handling fetcher command: stop
I, [2019-07-01T02:17:56.950941 #55]  INFO -- : [consumer] {world: 0}: Fetcher thread exited.
I, [2019-07-01T02:17:56.953258 #55]  INFO -- : [[consumer] {}:] Leaving group `consumer`
D, [2019-07-01T02:17:56.954445 #55] DEBUG -- : [[consumer] {}:] [leave_group] Opening connection to kafka2:19093 with client id kafka_playground...
D, [2019-07-01T02:17:56.958628 #55] DEBUG -- : [[consumer] {}:] [leave_group] Sending leave_group API request 1 to kafka2:19093
D, [2019-07-01T02:17:56.959801 #55] DEBUG -- : [[consumer] {}:] [leave_group] Waiting for response 1 from kafka2:19093
D, [2019-07-01T02:17:56.969674 #55] DEBUG -- : [[consumer] {}:] [leave_group] Received response 1 from kafka2:19093
I, [2019-07-01T02:17:56.970643 #55]  INFO -- : Gracefully shutting down
